<?xml version="1.0" encoding="UTF-8"?>
<TestRun id="ea367676-b129-40e3-902d-ddca32bbff68" name="Admin@10266A-GEN-DEV 2014-04-01 05:41:15" runUser="10266A-GEN-DEV\Admin" xmlns="http://microsoft.com/schemas/VisualStudio/TeamTest/2010">
  <TestSettings name="Local" id="e766a551-b7e3-44f1-af57-8d0863b56c60">
    <Description>These are default test settings for a local test run.</Description>
    <Deployment enabled="false" runDeploymentRoot="Admin_10266A-GEN-DEV 2014-04-01 05_41_15">
      <DeploymentItem filename="E:\M10266-0331\Labs\MethsAndUnits\bin\Debug\MethsAndUnits.exe" />
    </Deployment>
    <Execution>
      <TestTypeSpecific />
      <AgentRule name="Execution Agents">
      </AgentRule>
    </Execution>
  </TestSettings>
  <Times creation="2014-04-01T05:41:15.3345234-07:00" queuing="2014-04-01T05:41:16.6938984-07:00" start="2014-04-01T05:41:17.0220234-07:00" finish="2014-04-01T05:41:18.0337422-07:00" />
  <ResultSummary outcome="Completed">
    <Counters total="1" executed="1" passed="1" error="0" failed="0" timeout="0" aborted="0" inconclusive="0" passedButRunAborted="0" notRunnable="0" notExecuted="0" disconnected="0" warning="0" completed="0" inProgress="0" pending="0" />
  </ResultSummary>
  <TestDefinitions>
    <UnitTest name="FindDelimTest" storage="e:\m10266-0331\labs\labsunittests\bin\debug\labsunittests.dll" id="8ba7b220-a858-ac66-adc2-6be43a932cd2">
      <Execution id="6e512dc7-ad3f-4761-a03b-9bcc2830767a" />
      <TestMethod codeBase="E:/M10266-0331/Labs/LabsUnitTests/bin/Debug/LabsUnitTests.DLL" adapterTypeName="Microsoft.VisualStudio.TestTools.TestTypes.Unit.UnitTestAdapter, Microsoft.VisualStudio.QualityTools.Tips.UnitTest.Adapter, Version=10.0.0.0, Culture=neutral, PublicKeyToken=b03f5f7f11d50a3a" className="LabsUnitTests.UnitTests, LabsUnitTests, Version=1.0.0.0, Culture=neutral, PublicKeyToken=null" name="FindDelimTest" />
    </UnitTest>
  </TestDefinitions>
  <TestLists>
    <TestList name="Results Not in a List" id="8c84fa94-04c1-424b-9868-57a2d4851a1d" />
    <TestList name="All Loaded Results" id="19431567-8539-422a-85d7-44ee4e166bda" />
  </TestLists>
  <TestEntries>
    <TestEntry testId="8ba7b220-a858-ac66-adc2-6be43a932cd2" executionId="6e512dc7-ad3f-4761-a03b-9bcc2830767a" testListId="8c84fa94-04c1-424b-9868-57a2d4851a1d" />
  </TestEntries>
  <Results>
    <UnitTestResult executionId="6e512dc7-ad3f-4761-a03b-9bcc2830767a" testId="8ba7b220-a858-ac66-adc2-6be43a932cd2" testName="FindDelimTest" computerName="10266A-GEN-DEV" duration="00:00:00.0214880" startTime="2014-04-01T05:41:17.1772969-07:00" endTime="2014-04-01T05:41:17.8833516-07:00" testType="13cdc9d9-ddb5-4fa4-a97d-d965ccfc6d4b" outcome="Passed" testListId="8c84fa94-04c1-424b-9868-57a2d4851a1d" relativeResultsDirectory="6e512dc7-ad3f-4761-a03b-9bcc2830767a">
      <Output>
        <StdOut>B&gt;A</StdOut>
      </Output>
    </UnitTestResult>
  </Results>
</TestRun>